<?xml version="1.0" encoding="UTF-8"?>
<TestRun id="a4a74d0a-f712-4f6b-a2e4-491a24a88a2d" name="Ken@DACEY-HP 2015-06-08 13:38:24" runUser="Dacey-HP\Ken" xmlns="http://microsoft.com/schemas/VisualStudio/TeamTest/2010">
  <TestSettings name="Default Test Settings" id="0411698a-2800-4978-aa9a-9af803d5a441">
    <Execution>
      <TestTypeSpecific />
      <AgentRule name="Execution Agents">
      </AgentRule>
    </Execution>
    <Deployment runDeploymentRoot="Ken_DACEY-HP 2015-06-08 13_38_24" />
    <Properties />
  </TestSettings>
  <Times creation="2015-06-08T13:38:24.0708938-07:00" queuing="2015-06-08T13:38:24.4769170-07:00" start="2015-06-08T13:38:24.5579216-07:00" finish="2015-06-08T13:38:25.0179479-07:00" />
  <ResultSummary outcome="Failed">
    <Counters total="5" executed="5" error="0" failed="5" timeout="0" aborted="0" inconclusive="0" passedButRunAborted="0" notRunnable="0" notExecuted="0" disconnected="0" warning="0" passed="0" completed="0" inProgress="0" pending="0" />
  </ResultSummary>
  <TestDefinitions>
    <UnitTest name="ValidateEmptyCartMessageAfterItemRemoved" storage="seleniumtest.dll" id="4a85ff9f-ae8a-70a5-2f6e-6e8c25331864">
      <DeploymentItems>
        <DeploymentItem filename="EmptyCartTest.xml" />
      </DeploymentItems>
      <Execution id="d9552c7f-ab0c-4547-8f21-692697b1de5c" />
      <TestMethod codeBase="C:/Users/Ken/Documents/Visual Studio 2013/Projects/SeleniumTest/SeleniumTest/bin/Debug/seleniumtest.dll" adapterTypeName="Microsoft.VisualStudio.TestTools.TestTypes.Unit.UnitTestAdapter, Microsoft.VisualStudio.QualityTools.Tips.UnitTest.Adapter, Version=12.0.0.0, Culture=neutral, PublicKeyToken=b03f5f7f11d50a3a" className="SeleniumTest.SeleniumTests, SeleniumTest, Version=1.0.0.0, Culture=neutral, PublicKeyToken=null" name="ValidateEmptyCartMessageAfterItemRemoved" />
      <DataSource connectionString=".\EmptyCartTest.xml" providerInvariantName="Microsoft.VisualStudio.TestTools.DataSource.XML" tableName="Row" />
    </UnitTest>
    <UnitTest name="PurchasePhoneTest_UserNotLoggedIn" storage="seleniumtest.dll" id="23fcbd66-015d-9615-5e8d-8c674a9911b9">
      <DeploymentItems>
        <DeploymentItem filename="PurchasePhoneTest.xml" />
      </DeploymentItems>
      <Execution id="87275dd9-6f63-4c79-9497-7c6636138faf" />
      <TestMethod codeBase="C:/Users/Ken/Documents/Visual Studio 2013/Projects/SeleniumTest/SeleniumTest/bin/Debug/seleniumtest.dll" adapterTypeName="Microsoft.VisualStudio.TestTools.TestTypes.Unit.UnitTestAdapter, Microsoft.VisualStudio.QualityTools.Tips.UnitTest.Adapter, Version=12.0.0.0, Culture=neutral, PublicKeyToken=b03f5f7f11d50a3a" className="SeleniumTest.SeleniumTests, SeleniumTest, Version=1.0.0.0, Culture=neutral, PublicKeyToken=null" name="PurchasePhoneTest_UserNotLoggedIn" />
      <DataSource connectionString=".\PurchasePhoneTest.xml" providerInvariantName="Microsoft.VisualStudio.TestTools.DataSource.XML" tableName="Row" />
    </UnitTest>
    <UnitTest name="UpdatedAccountAddressIsSaved" storage="seleniumtest.dll" id="d9eaf9af-4202-086c-eccf-cb1217153241">
      <Execution id="040fa2ce-ec02-47c5-98b5-ed58d3b56443" />
      <TestMethod codeBase="C:/Users/Ken/Documents/Visual Studio 2013/Projects/SeleniumTest/SeleniumTest/bin/Debug/seleniumtest.dll" adapterTypeName="Microsoft.VisualStudio.TestTools.TestTypes.Unit.UnitTestAdapter, Microsoft.VisualStudio.QualityTools.Tips.UnitTest.Adapter, Version=12.0.0.0, Culture=neutral, PublicKeyToken=b03f5f7f11d50a3a" className="SeleniumTest.SeleniumTests, SeleniumTest, Version=1.0.0.0, Culture=neutral, PublicKeyToken=null" name="UpdatedAccountAddressIsSaved" />
    </UnitTest>
  </TestDefinitions>
  <TestLists>
    <TestList name="Results Not in a List" id="8c84fa94-04c1-424b-9868-57a2d4851a1d" />
    <TestList name="All Loaded Results" id="19431567-8539-422a-85d7-44ee4e166bda" />
  </TestLists>
  <TestEntries>
    <TestEntry testId="23fcbd66-015d-9615-5e8d-8c674a9911b9" executionId="87275dd9-6f63-4c79-9497-7c6636138faf" testListId="8c84fa94-04c1-424b-9868-57a2d4851a1d" />
    <TestEntry testId="d9eaf9af-4202-086c-eccf-cb1217153241" executionId="040fa2ce-ec02-47c5-98b5-ed58d3b56443" testListId="8c84fa94-04c1-424b-9868-57a2d4851a1d" />
    <TestEntry testId="4a85ff9f-ae8a-70a5-2f6e-6e8c25331864" executionId="d9552c7f-ab0c-4547-8f21-692697b1de5c" testListId="8c84fa94-04c1-424b-9868-57a2d4851a1d" />
  </TestEntries>
  <Results>
    <UnitTestResult executionId="87275dd9-6f63-4c79-9497-7c6636138faf" testId="23fcbd66-015d-9615-5e8d-8c674a9911b9" testName="PurchasePhoneTest_UserNotLoggedIn" computerName="DACEY-HP" duration="00:00:00.1461055" startTime="2015-06-08T13:38:24.5849232-07:00" endTime="2015-06-08T13:38:24.9689451-07:00" testType="13cdc9d9-ddb5-4fa4-a97d-d965ccfc6d4b" outcome="Failed" testListId="8c84fa94-04c1-424b-9868-57a2d4851a1d" relativeResultsDirectory="87275dd9-6f63-4c79-9497-7c6636138faf" resultType="DataDrivenTest">
      <Counters error="0" failed="1" timeout="0" aborted="0" inconclusive="0" passedButRunAborted="0" notRunnable="0" notExecuted="0" disconnected="0" warning="0" passed="0" completed="0" inProgress="0" pending="0" />
      <InnerResults>
        <UnitTestResult executionId="d89c406c-7f0d-4c3c-b3fc-0f6df4b9153d" parentExecutionId="87275dd9-6f63-4c79-9497-7c6636138faf" testId="23fcbd66-015d-9615-5e8d-8c674a9911b9" testName="PurchasePhoneTest_UserNotLoggedIn" computerName="DACEY-HP" duration="00:00:00.0853564" startTime="2015-06-08T13:38:24.8699395-07:00" endTime="2015-06-08T13:38:24.9589446-07:00" testType="13cdc9d9-ddb5-4fa4-a97d-d965ccfc6d4b" outcome="Failed" testListId="8c84fa94-04c1-424b-9868-57a2d4851a1d" relativeResultsDirectory="87275dd9-6f63-4c79-9497-7c6636138faf" dataRowInfo="0" resultType="DataDrivenDataRow">
          <Output>
            <ErrorInfo>
              <Message>Initialization method SeleniumTest.SeleniumTests.Setup threw exception. OpenQA.Selenium.DriverServiceNotFoundException: OpenQA.Selenium.DriverServiceNotFoundException: The IEDriverServer.exe file does not exist in the current directory or in a directory on the PATH environment variable. The driver can be downloaded at http://selenium-release.storage.googleapis.com/index.html..</Message>
              <StackTrace>    at OpenQA.Selenium.DriverService.FindDriverServiceExecutable(String executableName, Uri downloadUrl)
   at OpenQA.Selenium.IE.InternetExplorerDriverService.CreateDefaultService()
   at OpenQA.Selenium.IE.InternetExplorerDriver..ctor()
   at SeleniumTest.Configuration.get_BrowserDriver() in c:\Users\Ken\Documents\Visual Studio 2013\Projects\SeleniumTest\SeleniumTest\Configuration.cs:line 32
   at SeleniumTest.SeleniumTests.Setup() in c:\Users\Ken\Documents\Visual Studio 2013\Projects\SeleniumTest\SeleniumTest\SeleniumTests.cs:line 35
</StackTrace>
            </ErrorInfo>
          </Output>
        </UnitTestResult>
      </InnerResults>
    </UnitTestResult>
    <UnitTestResult executionId="040fa2ce-ec02-47c5-98b5-ed58d3b56443" testId="d9eaf9af-4202-086c-eccf-cb1217153241" testName="UpdatedAccountAddressIsSaved" computerName="DACEY-HP" duration="00:00:00.0026876" startTime="2015-06-08T13:38:24.9699452-07:00" endTime="2015-06-08T13:38:24.9749455-07:00" testType="13cdc9d9-ddb5-4fa4-a97d-d965ccfc6d4b" outcome="Failed" testListId="8c84fa94-04c1-424b-9868-57a2d4851a1d" relativeResultsDirectory="040fa2ce-ec02-47c5-98b5-ed58d3b56443">
      <Output>
        <ErrorInfo>
          <Message>Initialization method SeleniumTest.SeleniumTests.Setup threw exception. OpenQA.Selenium.DriverServiceNotFoundException: OpenQA.Selenium.DriverServiceNotFoundException: The IEDriverServer.exe file does not exist in the current directory or in a directory on the PATH environment variable. The driver can be downloaded at http://selenium-release.storage.googleapis.com/index.html..</Message>
          <StackTrace>    at OpenQA.Selenium.DriverService.FindDriverServiceExecutable(String executableName, Uri downloadUrl)
   at OpenQA.Selenium.IE.InternetExplorerDriverService.CreateDefaultService()
   at OpenQA.Selenium.IE.InternetExplorerDriver..ctor()
   at SeleniumTest.Configuration.get_BrowserDriver() in c:\Users\Ken\Documents\Visual Studio 2013\Projects\SeleniumTest\SeleniumTest\Configuration.cs:line 32
   at SeleniumTest.SeleniumTests.Setup() in c:\Users\Ken\Documents\Visual Studio 2013\Projects\SeleniumTest\SeleniumTest\SeleniumTests.cs:line 35
</StackTrace>
        </ErrorInfo>
      </Output>
    </UnitTestResult>
    <UnitTestResult executionId="d9552c7f-ab0c-4547-8f21-692697b1de5c" testId="4a85ff9f-ae8a-70a5-2f6e-6e8c25331864" testName="ValidateEmptyCartMessageAfterItemRemoved" computerName="DACEY-HP" duration="00:00:00.0036684" startTime="2015-06-08T13:38:24.9759455-07:00" endTime="2015-06-08T13:38:24.9819459-07:00" testType="13cdc9d9-ddb5-4fa4-a97d-d965ccfc6d4b" outcome="Failed" testListId="8c84fa94-04c1-424b-9868-57a2d4851a1d" relativeResultsDirectory="d9552c7f-ab0c-4547-8f21-692697b1de5c" resultType="DataDrivenTest">
      <Counters error="0" failed="1" timeout="0" aborted="0" inconclusive="0" passedButRunAborted="0" notRunnable="0" notExecuted="0" disconnected="0" warning="0" passed="0" completed="0" inProgress="0" pending="0" />
      <InnerResults>
        <UnitTestResult executionId="807aa62d-b69d-4e08-9a1d-4c8a04398654" parentExecutionId="d9552c7f-ab0c-4547-8f21-692697b1de5c" testId="4a85ff9f-ae8a-70a5-2f6e-6e8c25331864" testName="ValidateEmptyCartMessageAfterItemRemoved" computerName="DACEY-HP" duration="00:00:00.0026022" startTime="2015-06-08T13:38:24.9789457-07:00" endTime="2015-06-08T13:38:24.9809458-07:00" testType="13cdc9d9-ddb5-4fa4-a97d-d965ccfc6d4b" outcome="Failed" testListId="8c84fa94-04c1-424b-9868-57a2d4851a1d" relativeResultsDirectory="d9552c7f-ab0c-4547-8f21-692697b1de5c" dataRowInfo="0" resultType="DataDrivenDataRow">
          <Output>
            <ErrorInfo>
              <Message>Initialization method SeleniumTest.SeleniumTests.Setup threw exception. OpenQA.Selenium.DriverServiceNotFoundException: OpenQA.Selenium.DriverServiceNotFoundException: The IEDriverServer.exe file does not exist in the current directory or in a directory on the PATH environment variable. The driver can be downloaded at http://selenium-release.storage.googleapis.com/index.html..</Message>
              <StackTrace>    at OpenQA.Selenium.DriverService.FindDriverServiceExecutable(String executableName, Uri downloadUrl)
   at OpenQA.Selenium.IE.InternetExplorerDriverService.CreateDefaultService()
   at OpenQA.Selenium.IE.InternetExplorerDriver..ctor()
   at SeleniumTest.Configuration.get_BrowserDriver() in c:\Users\Ken\Documents\Visual Studio 2013\Projects\SeleniumTest\SeleniumTest\Configuration.cs:line 32
   at SeleniumTest.SeleniumTests.Setup() in c:\Users\Ken\Documents\Visual Studio 2013\Projects\SeleniumTest\SeleniumTest\SeleniumTests.cs:line 35
</StackTrace>
            </ErrorInfo>
          </Output>
        </UnitTestResult>
      </InnerResults>
    </UnitTestResult>
  </Results>
</TestRun>